<?xml version="1.0" encoding="UTF-8"?>
<testsuite xmlns:xsi="http://www.w3.org/2001/XMLSchema-instance" xsi:noNamespaceSchemaLocation="https://maven.apache.org/surefire/maven-surefire-plugin/xsd/surefire-test-report-3.0.xsd" version="3.0" name="runner.TestRunner" time="22.419" tests="3" errors="2" skipped="0" failures="0">
  <properties>
[...]
</properties>
  <testcase name="Validate general user is able to view after products logging in" classname="General View" time="0.781">
    <error message="The step &apos;User navigates to the online products page&apos; and 2 other step(s) are undefined.&#10;You can implement these steps using the snippet(s) below:&#10;&#10;@Given(&quot;User navigates to the online products page&quot;)&#10;public void user_navigates_to_the_online_products_page() {&#10;    // Write code here that turns the phrase above into concrete actions&#10;    throw new io.cucumber.java.PendingException();&#10;}&#10;@When(&quot;User clicks on formal Shoes drop down&quot;)&#10;public void user_clicks_on_formal_shoes_drop_down() {&#10;    // Write code here that turns the phrase above into concrete actions&#10;    throw new io.cucumber.java.PendingException();&#10;}&#10;@Then(&quot;User should be able to view the Products&quot;)&#10;public void user_should_be_able_to_view_the_products() {&#10;    // Write code here that turns the phrase above into concrete actions&#10;    throw new io.cucumber.java.PendingException();&#10;}&#10;" type="io.cucumber.junit.UndefinedStepException"><![CDATA[io.cucumber.junit.UndefinedStepException: 
The step 'User navigates to the online products page' and 2 other step(s) are undefined.
You can implement these steps using the snippet(s) below:

@Given("User navigates to the online products page")
public void user_navigates_to_the_online_products_page() {
    // Write code here that turns the phrase above into concrete actions
    throw new io.cucumber.java.PendingException();
}
@When("User clicks on formal Shoes drop down")
public void user_clicks_on_formal_shoes_drop_down() {
    // Write code here that turns the phrase above into concrete actions
    throw new io.cucumber.java.PendingException();
}
@Then("User should be able to view the Products")
public void user_should_be_able_to_view_the_products() {
    // Write code here that turns the phrase above into concrete actions
    throw new io.cucumber.java.PendingException();
}

]]></error>
    <system-err><![CDATA[SLF4J(W): No SLF4J providers were found.
SLF4J(W): Defaulting to no-operation (NOP) logger implementation
SLF4J(W): See https://www.slf4j.org/codes.html#noProviders for further details.
]]></system-err>
  </testcase>
  <testcase name="Validate user is able to view after Login" classname="LoggedIn User View" time="9.848">
    <system-err><![CDATA[Mar 31, 2024 1:54:13 AM org.openqa.selenium.devtools.CdpVersionFinder findNearestMatch
WARNING: Unable to find an exact match for CDP version 123, returning the closest version; found: 121; Please update to a Selenium version that supports CDP version 123
]]></system-err>
  </testcase>
  <testcase name="Validate new user is able to view after clicking on new Registration" classname="New User Registration View" time="8.911">
    <error message="The step &apos;User clicks on new Registration button&apos; and 1 other step(s) are undefined.&#10;You can implement these steps using the snippet(s) below:&#10;&#10;@When(&quot;User clicks on new Registration button&quot;)&#10;public void user_clicks_on_new_registration_button() {&#10;    // Write code here that turns the phrase above into concrete actions&#10;    throw new io.cucumber.java.PendingException();&#10;}&#10;@Then(&quot;User should be able to view the Registration page&quot;)&#10;public void user_should_be_able_to_view_the_registration_page() {&#10;    // Write code here that turns the phrase above into concrete actions&#10;    throw new io.cucumber.java.PendingException();&#10;}&#10;" type="io.cucumber.junit.UndefinedStepException"><![CDATA[io.cucumber.junit.UndefinedStepException: 
The step 'User clicks on new Registration button' and 1 other step(s) are undefined.
You can implement these steps using the snippet(s) below:

@When("User clicks on new Registration button")
public void user_clicks_on_new_registration_button() {
    // Write code here that turns the phrase above into concrete actions
    throw new io.cucumber.java.PendingException();
}
@Then("User should be able to view the Registration page")
public void user_should_be_able_to_view_the_registration_page() {
    // Write code here that turns the phrase above into concrete actions
    throw new io.cucumber.java.PendingException();
}

]]></error>
    <system-err><![CDATA[Mar 31, 2024 1:54:21 AM org.openqa.selenium.devtools.CdpVersionFinder findNearestMatch
WARNING: Unable to find an exact match for CDP version 123, returning the closest version; found: 121; Please update to a Selenium version that supports CDP version 123
]]></system-err>
  </testcase>
</testsuite>